<?xml version="1.0" encoding="UTF-8"?>
<testsuite xmlns:xsi="http://www.w3.org/2001/XMLSchema-instance" xsi:noNamespaceSchemaLocation="https://maven.apache.org/surefire/maven-surefire-plugin/xsd/surefire-test-report-3.0.xsd" version="3.0" name="db.FilePickerTest" time="0.019" tests="6" errors="0" skipped="0" failures="0">
  <properties>
[...]
</properties>
  <testcase name="testGetSurveyCreatorDb" classname="db.FilePickerTest" time="0.002"/>
  <testcase name="testGetDb" classname="db.FilePickerTest" time="0.0"/>
  <testcase name="testGetAdminDb" classname="db.FilePickerTest" time="0.0"/>
  <testcase name="testGetSurveyDb" classname="db.FilePickerTest" time="0.0"/>
  <testcase name="testGetReviewsDb" classname="db.FilePickerTest" time="0.0"/>
  <testcase name="testGetUserDb" classname="db.FilePickerTest" time="0.0"/>
</testsuite>